<?xml version="1.0" encoding="UTF-8"?>
<!-- Generated by org.testng.reporters.JUnitXMLReporter -->
<testsuite ignored="0" hostname="DESKTOP-NB17RKO" failures="0" tests="2" name="Default test" time="47.668" errors="0" timestamp="2025-03-24T20:18:29 IST">
  <testcase classname="com.jala.qa.TestLayer.LoginTestPage" name="verifyValidLoginCredential" time="6.109"/>
  <testcase classname="com.jala.qa.TestLayer.LoginTestPage" name="validateInvalideCredential" time="4.758"/>
</testsuite> <!-- Default test -->
