<?xml version="1.0" encoding="UTF-8"?>
<testng-results ignored="0" total="1" passed="1" failed="0" skipped="0">
  <reporter-output>
    <line>
      <![CDATA[TC Passed, Home text mateched]]>
    </line>
  </reporter-output>
  <suite started-at="2025-03-17T20:09:45 IST" name="Default suite" finished-at="2025-03-17T20:09:58 IST" duration-ms="12682">
    <groups>
    </groups>
    <test started-at="2025-03-17T20:09:45 IST" name="Default test" finished-at="2025-03-17T20:09:58 IST" duration-ms="12682">
      <class name="com.jala.qa.TestDataLayer.HomeTestPage">
        <test-method is-config="true" signature="setUp()[pri:0, instance:com.jala.qa.TestDataLayer.HomeTestPage@6c6cb480]" started-at="2025-03-17T20:09:45 IST" name="setUp" finished-at="2025-03-17T20:09:55 IST" duration-ms="10118" status="PASS">
          <reporter-output>
          </reporter-output>
        </test-method> <!-- setUp -->
        <test-method signature="validateHomePage()[pri:0, instance:com.jala.qa.TestDataLayer.HomeTestPage@6c6cb480]" started-at="2025-03-17T20:09:55 IST" name="validateHomePage" finished-at="2025-03-17T20:09:56 IST" duration-ms="935" status="PASS">
          <reporter-output>
            <line>
              <![CDATA[TC Passed, Home text mateched]]>
            </line>
          </reporter-output>
        </test-method> <!-- validateHomePage -->
        <test-method is-config="true" signature="tearDown()[pri:0, instance:com.jala.qa.TestDataLayer.HomeTestPage@6c6cb480]" started-at="2025-03-17T20:09:56 IST" name="tearDown" finished-at="2025-03-17T20:09:58 IST" duration-ms="1491" status="PASS">
          <reporter-output>
          </reporter-output>
        </test-method> <!-- tearDown -->
      </class> <!-- com.jala.qa.TestDataLayer.HomeTestPage -->
    </test> <!-- Default test -->
  </suite> <!-- Default suite -->
</testng-results>
