<?xml version="1.0" encoding="UTF-8"?>
<testng-results ignored="0" total="1" passed="1" failed="0" skipped="0">
  <reporter-output>
  </reporter-output>
  <suite started-at="2025-03-20T19:57:25 IST" name="Default suite" finished-at="2025-03-20T19:57:27 IST" duration-ms="2502">
    <groups>
    </groups>
    <test started-at="2025-03-20T19:57:25 IST" name="Default test" finished-at="2025-03-20T19:57:27 IST" duration-ms="2502">
      <class name="com.jala.qa.utilityLayer.getDataFromExcel">
        <test-method signature="getExcelData()[pri:0, instance:com.jala.qa.utilityLayer.getDataFromExcel@75d4a5c2]" started-at="2025-03-20T19:57:25 IST" name="getExcelData" finished-at="2025-03-20T19:57:27 IST" duration-ms="2351" status="PASS">
          <reporter-output>
          </reporter-output>
        </test-method> <!-- getExcelData -->
      </class> <!-- com.jala.qa.utilityLayer.getDataFromExcel -->
    </test> <!-- Default test -->
  </suite> <!-- Default suite -->
</testng-results>
